2021-03-10 21:24:10,900 INFO  [org.jboss.modules] (main) JBoss Modules version 1.10.2.Final
2021-03-10 21:24:13,979 INFO  [org.jboss.msc] (main) JBoss MSC version 1.4.12.Final
2021-03-10 21:24:14,034 INFO  [org.jboss.threads] (main) JBoss Threads version 2.4.0.Final
2021-03-10 21:24:14,640 INFO  [org.jboss.as] (MSC service thread 1-1) WFLYSRV0049: WildFly Full 21.0.2.Final (WildFly Core 13.0.3.Final) starting
2021-03-10 21:24:14,653 DEBUG [org.jboss.as.config] (MSC service thread 1-1) Configured system properties:
	awt.toolkit = sun.awt.windows.WToolkit
	file.encoding = UTF-8
	file.encoding.pkg = sun.io
	file.separator = \
	java.awt.graphicsenv = sun.awt.Win32GraphicsEnvironment
	java.awt.headless = true
	java.awt.printerjob = sun.awt.windows.WPrinterJob
	java.class.path = C:\Pessoal\Projetos\ProjetoCursoJSFUdemy\wildfly-21.0.2.Final\jboss-modules.jar
	java.class.version = 52.0
	java.endorsed.dirs = C:\Program Files (x86)\Java\jdk1.8.0_271\jre\lib\endorsed
	java.ext.dirs = C:\Program Files (x86)\Java\jdk1.8.0_271\jre\lib\ext;C:\WINDOWS\Sun\Java\lib\ext
	java.home = C:\Program Files (x86)\Java\jdk1.8.0_271\jre
	java.io.tmpdir = C:\Users\altca\AppData\Local\Temp\
	java.library.path = C:\Program Files (x86)\Java\jdk1.8.0_271\bin;C:\WINDOWS\Sun\Java\bin;C:\WINDOWS\system32;C:\WINDOWS;C:\Program Files (x86)\Java\jdk1.8.0_271\jre\bin;native;C:/Users/altca/.p2/pool/plugins/org.eclipse.justj.openjdk.hotspot.jre.full.win32.x86_64_15.0.1.v20201027-0507/jre/bin/server;C:/Users/altca/.p2/pool/plugins/org.eclipse.justj.openjdk.hotspot.jre.full.win32.x86_64_15.0.1.v20201027-0507/jre/bin;C:\Program Files (x86)\Common Files\Oracle\Java\javapath;C:\WINDOWS\system32;C:\WINDOWS;C:\WINDOWS\System32\Wbem;C:\WINDOWS\System32\WindowsPowerShell\v1.0\;C:\WINDOWS\System32\OpenSSH\;C:\Program Files\Git\cmd;C:\Program Files\PuTTY\;C:\Projeto ANA\apache-maven\bin;C:\Program Files (x86)\Intel\Intel(R) Management Engine Components\DAL;C:\Program Files\Intel\Intel(R) Management Engine Components\DAL;C:\Users\altca\AppData\Local\Microsoft\WindowsApps;C:\Users\altca\AppData\Local\Programs\Microsoft VS Code\bin;C:\Users\altca\eclipse\jee-2020-12\eclipse;;.
	java.net.preferIPv4Stack = true
	java.runtime.name = Java(TM) SE Runtime Environment
	java.runtime.version = 1.8.0_271-b09
	java.specification.name = Java Platform API Specification
	java.specification.vendor = Oracle Corporation
	java.specification.version = 1.8
	java.util.logging.manager = org.jboss.logmanager.LogManager
	java.vendor = Oracle Corporation
	java.vendor.url = http://java.oracle.com/
	java.vendor.url.bug = http://bugreport.sun.com/bugreport/
	java.version = 1.8.0_271
	java.vm.info = mixed mode
	java.vm.name = Java HotSpot(TM) Server VM
	java.vm.specification.name = Java Virtual Machine Specification
	java.vm.specification.vendor = Oracle Corporation
	java.vm.specification.version = 1.8
	java.vm.vendor = Oracle Corporation
	java.vm.version = 25.271-b09
	javax.management.builder.initial = org.jboss.as.jmx.PluggableMBeanServerBuilder
	jboss.bind.address = localhost
	jboss.bind.address.management = localhost
	jboss.home.dir = C:\Pessoal\Projetos\ProjetoCursoJSFUdemy\wildfly-21.0.2.Final
	jboss.host.name = desktop-kmjqd1b
	jboss.modules.dir = C:\Pessoal\Projetos\ProjetoCursoJSFUdemy\wildfly-21.0.2.Final\modules
	jboss.modules.system.pkgs = org.jboss.byteman
	jboss.node.name = desktop-kmjqd1b
	jboss.qualified.host.name = desktop-kmjqd1b
	jboss.server.base.dir = C:\Pessoal\Projetos\ProjetoCursoJSFUdemy\wildfly-21.0.2.Final\standalone
	jboss.server.config.dir = C:\Pessoal\Projetos\ProjetoCursoJSFUdemy\wildfly-21.0.2.Final\standalone\configuration
	jboss.server.data.dir = C:\Pessoal\Projetos\ProjetoCursoJSFUdemy\wildfly-21.0.2.Final\standalone\data
	jboss.server.deploy.dir = C:\Pessoal\Projetos\ProjetoCursoJSFUdemy\wildfly-21.0.2.Final\standalone\data\content
	jboss.server.log.dir = C:\Pessoal\Projetos\ProjetoCursoJSFUdemy\wildfly-21.0.2.Final\standalone\log
	jboss.server.name = desktop-kmjqd1b
	jboss.server.persist.config = true
	jboss.server.temp.dir = C:\Pessoal\Projetos\ProjetoCursoJSFUdemy\wildfly-21.0.2.Final\standalone\tmp
	line.separator = 

	logging.configuration = file:C:\Pessoal\Projetos\ProjetoCursoJSFUdemy\wildfly-21.0.2.Final\standalone\configuration\logging.properties
	module.path = C:\Pessoal\Projetos\ProjetoCursoJSFUdemy\wildfly-21.0.2.Final\modules
	org.jboss.boot.log.file = C:\Pessoal\Projetos\ProjetoCursoJSFUdemy\wildfly-21.0.2.Final\standalone\log\boot.log
	org.jboss.logmanager.nocolor = true
	org.jboss.resolver.warning = true
	os.arch = x86
	os.name = Windows 10
	os.version = 10.0
	path.separator = ;
	program.name = JBossTools: WildFly 21
	sun.arch.data.model = 32
	sun.boot.class.path = C:\Program Files (x86)\Java\jdk1.8.0_271\jre\lib\resources.jar;C:\Program Files (x86)\Java\jdk1.8.0_271\jre\lib\rt.jar;C:\Program Files (x86)\Java\jdk1.8.0_271\jre\lib\sunrsasign.jar;C:\Program Files (x86)\Java\jdk1.8.0_271\jre\lib\jsse.jar;C:\Program Files (x86)\Java\jdk1.8.0_271\jre\lib\jce.jar;C:\Program Files (x86)\Java\jdk1.8.0_271\jre\lib\charsets.jar;C:\Program Files (x86)\Java\jdk1.8.0_271\jre\lib\jfr.jar;C:\Program Files (x86)\Java\jdk1.8.0_271\jre\classes
	sun.boot.library.path = C:\Program Files (x86)\Java\jdk1.8.0_271\jre\bin
	sun.cpu.endian = little
	sun.cpu.isalist = pentium_pro+mmx pentium_pro pentium+mmx pentium i486 i386 i86
	sun.desktop = windows
	sun.io.unicode.encoding = UnicodeLittle
	sun.java.command = org.jboss.modules.Main -mp C:\Pessoal\Projetos\ProjetoCursoJSFUdemy\wildfly-21.0.2.Final\modules org.jboss.as.standalone -b localhost --server-config=standalone.xml -Djboss.server.base.dir=C:\Pessoal\Projetos\ProjetoCursoJSFUdemy\wildfly-21.0.2.Final\standalone
	sun.java.launcher = SUN_STANDARD
	sun.jnu.encoding = Cp1252
	sun.management.compiler = HotSpot Tiered Compilers
	sun.os.patch.level = 
	sun.rmi.dgc.client.gcInterval = 3600000
	sun.rmi.dgc.server.gcInterval = 3600000
	user.country = BR
	user.dir = C:\Pessoal\Projetos\ProjetoCursoJSFUdemy\wildfly-21.0.2.Final\bin
	user.home = C:\Users\altca
	user.language = pt
	user.name = altca
	user.script = 
	user.timezone = America/Sao_Paulo
	user.variant = 
2021-03-10 21:24:14,655 DEBUG [org.jboss.as.config] (MSC service thread 1-1) VM Arguments: -agentlib:jdwp=transport=dt_socket,suspend=y,address=localhost:60663 -Dprogram.name=JBossTools: WildFly 21 -Xms64m -Xmx512m -Dorg.jboss.resolver.warning=true -Djava.net.preferIPv4Stack=true -Dsun.rmi.dgc.client.gcInterval=3600000 -Dsun.rmi.dgc.server.gcInterval=3600000 -Djboss.modules.system.pkgs=org.jboss.byteman -Djava.awt.headless=true -Dorg.jboss.boot.log.file=C:\Pessoal\Projetos\ProjetoCursoJSFUdemy\wildfly-21.0.2.Final\standalone\log\boot.log -Dlogging.configuration=file:C:\Pessoal\Projetos\ProjetoCursoJSFUdemy\wildfly-21.0.2.Final\standalone\configuration\logging.properties -Djboss.home.dir=C:\Pessoal\Projetos\ProjetoCursoJSFUdemy\wildfly-21.0.2.Final -Dorg.jboss.logmanager.nocolor=true -Djboss.bind.address.management=localhost -Dfile.encoding=UTF-8 
2021-03-10 21:24:19,675 INFO  [org.wildfly.security] (ServerService Thread Pool -- 28) ELY00001: WildFly Elytron version 1.13.1.Final
2021-03-10 21:24:21,483 INFO  [org.jboss.as.controller.management-deprecated] (Controller Boot Thread) WFLYCTL0028: Attribute 'security-realm' in the resource at address '/core-service=management/management-interface=http-interface' is deprecated, and may be removed in a future version. See the attribute description in the output of the read-resource-description operation to learn more about the deprecation.
2021-03-10 21:24:21,526 INFO  [org.jboss.as.controller.management-deprecated] (ServerService Thread Pool -- 32) WFLYCTL0028: Attribute 'security-realm' in the resource at address '/subsystem=undertow/server=default-server/https-listener=https' is deprecated, and may be removed in a future version. See the attribute description in the output of the read-resource-description operation to learn more about the deprecation.
2021-03-10 21:24:21,595 INFO  [org.jboss.as.server.deployment.scanner] (DeploymentScanner-threads - 1) WFLYDS0004: Found blankapp.war in deployment directory. To trigger deployment create a file called blankapp.war.dodeploy
2021-03-10 21:24:21,702 INFO  [org.jboss.as.server] (Controller Boot Thread) WFLYSRV0039: Creating http management service using socket-binding (management-http)
2021-03-10 21:24:21,789 INFO  [org.xnio] (MSC service thread 1-5) XNIO version 3.8.2.Final
2021-03-10 21:24:21,799 INFO  [org.xnio.nio] (MSC service thread 1-5) XNIO NIO Implementation Version 3.8.2.Final
2021-03-10 21:24:21,841 INFO  [org.wildfly.extension.microprofile.config.smallrye._private] (ServerService Thread Pool -- 61) WFLYCONF0001: Activating WildFly MicroProfile Config Subsystem
2021-03-10 21:24:21,873 INFO  [org.jboss.as.clustering.infinispan] (ServerService Thread Pool -- 52) WFLYCLINF0001: Activating Infinispan subsystem.
2021-03-10 21:24:21,851 WARN  [org.jboss.as.txn] (ServerService Thread Pool -- 74) WFLYTX0013: The node-identifier attribute on the /subsystem=transactions is set to the default value. This is a danger for environments running multiple servers. Please make sure the attribute value is unique.
2021-03-10 21:24:21,883 INFO  [org.wildfly.extension.microprofile.metrics.smallrye] (ServerService Thread Pool -- 64) WFLYMETRICS0001: Activating Eclipse MicroProfile Metrics Subsystem
2021-03-10 21:24:21,901 INFO  [org.wildfly.extension.microprofile.opentracing] (ServerService Thread Pool -- 65) WFLYTRACEXT0001: Activating MicroProfile OpenTracing Subsystem
2021-03-10 21:24:21,901 INFO  [org.jboss.as.webservices] (ServerService Thread Pool -- 76) WFLYWS0002: Activating WebServices Extension
2021-03-10 21:24:21,902 INFO  [org.wildfly.extension.microprofile.jwt.smallrye._private] (ServerService Thread Pool -- 63) WFLYJWT0001: Activating WildFly MicroProfile JWT Subsystem
2021-03-10 21:24:21,931 INFO  [org.wildfly.extension.microprofile.health.smallrye] (ServerService Thread Pool -- 62) WFLYHEALTH0001: Activating Eclipse MicroProfile Health Subsystem
2021-03-10 21:24:21,962 INFO  [org.jboss.as.naming] (ServerService Thread Pool -- 66) WFLYNAM0001: Activating Naming Subsystem
2021-03-10 21:24:21,993 INFO  [org.jboss.as.connector] (MSC service thread 1-6) WFLYJCA0009: Starting JCA Subsystem (WildFly/IronJacamar 1.4.23.Final)
2021-03-10 21:24:22,134 INFO  [org.jboss.as.security] (ServerService Thread Pool -- 72) WFLYSEC0002: Activating Security Subsystem
2021-03-10 21:24:22,179 INFO  [org.jboss.as.jaxrs] (ServerService Thread Pool -- 54) WFLYRS0016: RESTEasy version 3.13.2.Final
2021-03-10 21:24:22,486 INFO  [org.jboss.as.security] (MSC service thread 1-4) WFLYSEC0001: Current PicketBox version=5.0.3.Final-redhat-00006
2021-03-10 21:24:22,572 INFO  [org.wildfly.extension.undertow] (MSC service thread 1-8) WFLYUT0003: Undertow 2.2.2.Final starting
2021-03-10 21:24:22,629 INFO  [org.jboss.as.connector.subsystems.datasources] (ServerService Thread Pool -- 44) WFLYJCA0004: Deploying JDBC-compliant driver class org.h2.Driver (version 1.4)
2021-03-10 21:24:22,661 INFO  [org.wildfly.extension.undertow] (ServerService Thread Pool -- 75) WFLYUT0014: Creating file handler for path 'C:\Pessoal\Projetos\ProjetoCursoJSFUdemy\wildfly-21.0.2.Final/welcome-content' with options [directory-listing: 'false', follow-symlink: 'false', case-sensitive: 'true', safe-symlink-paths: '[]']
2021-03-10 21:24:22,685 INFO  [org.jboss.as.connector.deployers.jdbc] (MSC service thread 1-7) WFLYJCA0018: Started Driver service with driver-name = h2
2021-03-10 21:24:22,993 INFO  [org.jboss.as.jsf] (ServerService Thread Pool -- 59) WFLYJSF0007: Activated the following JSF Implementations: [main]
2021-03-10 21:24:23,339 INFO  [org.jboss.as.mail.extension] (MSC service thread 1-1) WFLYMAIL0001: Bound mail session [java:jboss/mail/Default]
2021-03-10 21:24:23,335 INFO  [org.jboss.as.naming] (MSC service thread 1-8) WFLYNAM0003: Starting Naming Service
2021-03-10 21:24:23,729 INFO  [org.wildfly.extension.io] (ServerService Thread Pool -- 53) WFLYIO001: Worker 'default' has auto-configured to 8 IO threads with 64 max task threads based on your 4 available processors
2021-03-10 21:24:23,735 INFO  [org.jboss.as.ejb3] (MSC service thread 1-8) WFLYEJB0481: Strict pool slsb-strict-max-pool is using a max instance size of 64 (per class), which is derived from thread worker pool sizing.
2021-03-10 21:24:23,735 INFO  [org.jboss.as.ejb3] (MSC service thread 1-4) WFLYEJB0482: Strict pool mdb-strict-max-pool is using a max instance size of 16 (per class), which is derived from the number of CPUs on this host.
2021-03-10 21:24:23,808 INFO  [org.wildfly.extension.undertow] (MSC service thread 1-1) WFLYUT0012: Started server default-server.
2021-03-10 21:24:23,819 INFO  [org.wildfly.extension.undertow] (MSC service thread 1-5) WFLYUT0018: Host default-host starting
2021-03-10 21:24:23,885 INFO  [org.jboss.remoting] (MSC service thread 1-4) JBoss Remoting version 5.0.19.Final
2021-03-10 21:24:23,959 INFO  [org.wildfly.extension.undertow] (MSC service thread 1-7) WFLYUT0006: Undertow HTTP listener default listening on 127.0.0.1:8080
2021-03-10 21:24:24,379 INFO  [org.jboss.as.ejb3] (MSC service thread 1-6) WFLYEJB0493: EJB subsystem suspension complete
2021-03-10 21:24:24,604 INFO  [org.jboss.as.connector.subsystems.datasources] (MSC service thread 1-5) WFLYJCA0001: Bound data source [java:jboss/datasources/ExampleDS]
2021-03-10 21:24:24,654 INFO  [org.jboss.as.patching] (MSC service thread 1-8) WFLYPAT0050: WildFly Full cumulative patch ID is: base, one-off patches include: none
2021-03-10 21:24:24,735 WARN  [org.jboss.as.domain.management.security] (MSC service thread 1-4) WFLYDM0111: Keystore C:\Pessoal\Projetos\ProjetoCursoJSFUdemy\wildfly-21.0.2.Final\standalone\configuration\application.keystore not found, it will be auto generated on first use with a self signed certificate for host localhost
